<?xml version="1.0" encoding="UTF-8"?>
<!-- Generated by org.testng.reporters.JUnitReportReporter -->
<testsuite hostname="Sasikumar" failures="0" tests="1" name="org.lets.shop.tests.ApiTests" time="3.873" errors="0" timestamp="2025-08-30T17:57:12 IST" skipped="0">
  <testcase classname="org.lets.shop.tests.ApiTests" name="tests" time="3.873"/>
</testsuite> <!-- org.lets.shop.tests.ApiTests -->
