<?xml version="1.0" encoding="UTF-8"?>
<!-- Generated by org.testng.reporters.JUnitReportReporter -->
<testsuite hostname="Sasikumar" failures="0" tests="1" name="org.apis.spotify.webapi.tests.Spotify" time="1.622" errors="0" timestamp="2025-08-05T14:45:47 IST" skipped="0">
  <testcase classname="org.apis.spotify.webapi.tests.Spotify" name="getAlbumTracks" time="1.622"/>
</testsuite> <!-- org.apis.spotify.webapi.tests.Spotify -->
