<?xml version="1.0" encoding="UTF-8"?>
<!-- Generated by org.testng.reporters.JUnitReportReporter -->
<testsuite hostname="Sasikumar" failures="0" tests="1" name="org.apis.LessonOne" time="4.488" errors="0" timestamp="2025-07-24T16:22:47 IST" skipped="0">
  <testcase classname="org.apis.LessonOne" name="extractSingleField" time="4.488"/>
</testsuite> <!-- org.apis.LessonOne -->
