<?xml version="1.0" encoding="UTF-8"?>
<!-- Generated by org.testng.reporters.JUnitReportReporter -->
<testsuite hostname="Sasikumar" failures="0" tests="1" name="org.api.testings.TopicTwo" time="2.948" errors="0" timestamp="2025-08-27T15:58:57 IST" skipped="0">
  <testcase classname="org.api.testings.TopicTwo" name="actualData" time="2.948"/>
</testsuite> <!-- org.api.testings.TopicTwo -->
