<?xml version="1.0" encoding="UTF-8"?>
<!-- Generated by org.testng.reporters.JUnitReportReporter -->
<testsuite hostname="Sasikumar" failures="0" tests="1" name="org.lets.shop.tests.LetsShop" time="2.146" errors="0" timestamp="2025-08-28T14:28:18 IST" skipped="0">
  <testcase classname="org.lets.shop.tests.LetsShop" name="getAuthorizationTokens" time="2.146"/>
</testsuite> <!-- org.lets.shop.tests.LetsShop -->
