<?xml version="1.0" encoding="UTF-8"?>
<!-- Generated by org.testng.reporters.JUnitReportReporter -->
<testsuite hostname="Sasikumar" failures="0" tests="1" name="org.api.testings.TopicOne" time="5.360" errors="0" timestamp="2025-08-27T15:48:16 IST" skipped="0">
  <testcase classname="org.api.testings.TopicOne" name="extractResponse" time="5.360"/>
</testsuite> <!-- org.api.testings.TopicOne -->
